0 info it worked if it ends with ok
1 verbose cli [ '/Users/weihou/.nvm/v8.9.4/bin/node',
1 verbose cli   '/Users/weihou/Documents/work/node_pro/clientsdk/payment-sdk-hosted-fields-component/node_modules/.bin/npm',
1 verbose cli   'run',
1 verbose cli   'release:patch' ]
2 info using npm@3.10.10
3 info using node@v8.9.4
4 warn invalid config loglevel="notice"
5 verbose run-script [ 'prerelease:patch', 'release:patch', 'postrelease:patch' ]
6 info lifecycle @paypal/card-components@1.0.25~prerelease:patch: @paypal/card-components@1.0.25
7 silly lifecycle @paypal/card-components@1.0.25~prerelease:patch: no script for prerelease:patch, continuing
8 info lifecycle @paypal/card-components@1.0.25~release:patch: @paypal/card-components@1.0.25
9 verbose lifecycle @paypal/card-components@1.0.25~release:patch: unsafe-perm in lifecycle true
10 verbose lifecycle @paypal/card-components@1.0.25~release:patch: PATH: /Users/weihou/Documents/work/node_pro/clientsdk/payment-sdk-hosted-fields-component/node_modules/npm/bin/node-gyp-bin:/Users/weihou/Documents/work/node_pro/clientsdk/payment-sdk-hosted-fields-component/node_modules/.bin:/Users/weihou/.nvm/v8.9.4/lib/node_modules/npm/node_modules/npm-lifecycle/node-gyp-bin:/Users/weihou/Documents/work/node_pro/clientsdk/payment-sdk-hosted-fields-component/node_modules/.bin:/Users/weihou/.nvm/v8.9.4/bin:/Users/weihou/Downloads/apache-maven-3.2.3/bin/:/usr/local/bin:/usr/bin:/bin:/usr/sbin:/sbin:/Users/weihou/Documents/chromdriver:/usr/local/git/bin
11 verbose lifecycle @paypal/card-components@1.0.25~release:patch: CWD: /Users/weihou/Documents/work/node_pro/clientsdk/payment-sdk-hosted-fields-component
12 silly lifecycle @paypal/card-components@1.0.25~release:patch: Args: [ '-c', './node_modules/grumbler-scripts/publish.sh patch' ]
13 info lifecycle @paypal/card-components@1.0.25~release:patch: Failed to exec release:patch script
14 verbose stack Error: @paypal/card-components@1.0.25 release:patch: `./node_modules/grumbler-scripts/publish.sh patch`
14 verbose stack spawn ENOENT
14 verbose stack     at ChildProcess.<anonymous> (/Users/weihou/Documents/work/node_pro/clientsdk/payment-sdk-hosted-fields-component/node_modules/npm/lib/utils/spawn.js:33:16)
14 verbose stack     at emitTwo (events.js:126:13)
14 verbose stack     at ChildProcess.emit (events.js:214:7)
14 verbose stack     at maybeClose (internal/child_process.js:925:16)
14 verbose stack     at Process.ChildProcess._handle.onexit (internal/child_process.js:209:5)
15 verbose pkgid @paypal/card-components@1.0.25
16 verbose cwd /Users/weihou/Documents/work/node_pro/clientsdk/payment-sdk-hosted-fields-component
17 error Darwin 16.7.0
18 error argv "/Users/weihou/.nvm/v8.9.4/bin/node" "/Users/weihou/Documents/work/node_pro/clientsdk/payment-sdk-hosted-fields-component/node_modules/.bin/npm" "run" "release:patch"
19 error node v8.9.4
20 error npm  v3.10.10
21 error file sh
22 error code ELIFECYCLE
23 error errno ENOENT
24 error syscall spawn
25 error @paypal/card-components@1.0.25 release:patch: `./node_modules/grumbler-scripts/publish.sh patch`
25 error spawn ENOENT
26 error Failed at the @paypal/card-components@1.0.25 release:patch script './node_modules/grumbler-scripts/publish.sh patch'.
26 error Make sure you have the latest version of node.js and npm installed.
26 error If you do, this is most likely a problem with the @paypal/card-components package,
26 error not with npm itself.
26 error Tell the author that this fails on your system:
26 error     ./node_modules/grumbler-scripts/publish.sh patch
26 error You can get information on how to open an issue for this project with:
26 error     npm bugs @paypal/card-components
26 error Or if that isn't available, you can get their info via:
26 error     npm owner ls @paypal/card-components
26 error There is likely additional logging output above.
27 verbose exit [ 1, true ]
